{"C:\\Users\\Hafiy\\edutrack\\src\\lib\\utils.js": {"path":"C:\\Users\\Hafiy\\edutrack\\src\\lib\\utils.js","statementMap":{"0":{"start":{"line":8,"column":4},"end":{"line":8,"column":40}},"1":{"start":{"line":8,"column":24},"end":{"line":8,"column":40}},"2":{"start":{"line":9,"column":4},"end":{"line":11,"column":6}},"3":{"start":{"line":10,"column":8},"end":{"line":10,"column":59}},"4":{"start":{"line":10,"column":32},"end":{"line":10,"column":58}},"5":{"start":{"line":21,"column":4},"end":{"line":21,"column":37}},"6":{"start":{"line":21,"column":21},"end":{"line":21,"column":37}},"7":{"start":{"line":22,"column":4},"end":{"line":24,"column":6}},"8":{"start":{"line":23,"column":8},"end":{"line":23,"column":57}}},"fnMap":{"0":{"name":"filterStudentsBySubject","decl":{"start":{"line":7,"column":16},"end":{"line":7,"column":39}},"loc":{"start":{"line":7,"column":65},"end":{"line":12,"column":1}},"line":7},"1":{"name":"(anonymous_1)","decl":{"start":{"line":9,"column":27},"end":{"line":9,"column":28}},"loc":{"start":{"line":10,"column":8},"end":{"line":10,"column":59}},"line":10},"2":{"name":"(anonymous_2)","decl":{"start":{"line":10,"column":25},"end":{"line":10,"column":28}},"loc":{"start":{"line":10,"column":32},"end":{"line":10,"column":58}},"line":10},"3":{"name":"filterStudentsByRisk","decl":{"start":{"line":20,"column":16},"end":{"line":20,"column":36}},"loc":{"start":{"line":20,"column":59},"end":{"line":25,"column":1}},"line":20},"4":{"name":"(anonymous_4)","decl":{"start":{"line":22,"column":27},"end":{"line":22,"column":28}},"loc":{"start":{"line":23,"column":8},"end":{"line":23,"column":57}},"line":23}},"branchMap":{"0":{"loc":{"start":{"line":8,"column":4},"end":{"line":8,"column":40}},"type":"if","locations":[{"start":{"line":8,"column":4},"end":{"line":8,"column":40}},{"start":{},"end":{}}],"line":8},"1":{"loc":{"start":{"line":21,"column":4},"end":{"line":21,"column":37}},"type":"if","locations":[{"start":{"line":21,"column":4},"end":{"line":21,"column":37}},{"start":{},"end":{}}],"line":21}},"s":{"0":4,"1":2,"2":2,"3":6,"4":7,"5":3,"6":1,"7":2,"8":8},"f":{"0":4,"1":6,"2":7,"3":3,"4":8},"b":{"0":[2,2],"1":[1,2]},"meta":{"lastBranch":2,"lastFunction":5,"lastStatement":9,"seen":{"f:7:16:7:39":0,"b:8:4:8:40:undefined:undefined:undefined:undefined":0,"s:8:4:8:40":0,"s:8:24:8:40":1,"s:9:4:11:6":2,"f:9:27:9:28":1,"s:10:8:10:59":3,"f:10:25:10:28":2,"s:10:32:10:58":4,"f:20:16:20:36":3,"b:21:4:21:37:undefined:undefined:undefined:undefined":1,"s:21:4:21:37":5,"s:21:21:21:37":6,"s:22:4:24:6":7,"f:22:27:22:28":4,"s:23:8:23:57":8}}}
}
